<?xml version="1.0" encoding="UTF-8"?>
<Site BuildName="Linux-g++"
	BuildStamp="20240510-0636-Experimental"
	Name="angga-ZenBook-UX425UAZ-UM425UAZ"
	Generator="ctest-3.22.1"
	CompilerName="/usr/bin/g++"
	CompilerVersion="11.4.0"
	OSName="Linux"
	Hostname="angga-ZenBook-UX425UAZ-UM425UAZ"
	OSRelease="6.5.0-28-generic"
	OSVersion="#29~22.04.1-Ubuntu SMP PREEMPT_DYNAMIC Thu Apr  4 14:39:20 UTC 2"
	OSPlatform="x86_64"
	Is64Bits="1"
	VendorString="AuthenticAMD"
	VendorID="Advanced Micro Devices"
	FamilyID="23"
	ModelID="104"
	ProcessorCacheSize="512"
	NumberOfLogicalCPU="16"
	NumberOfPhysicalCPU="8"
	TotalVirtualMemory="3814"
	TotalPhysicalMemory="15358"
	LogicalProcessorsPerPhysical="2"
	ProcessorClockFrequency="2844.65"
	>
	<Testing>
		<StartDateTime>May 10 13:44 WIB</StartDateTime>
		<StartTestTime>1715323481</StartTestTime>
		<TestList/>
		<EndDateTime>May 10 13:44 WIB</EndDateTime>
		<EndTestTime>1715323481</EndTestTime>
		<ElapsedMinutes>0</ElapsedMinutes>
	</Testing>
</Site>
